<?xml version="1.0" encoding="UTF-8" ?>
<testsuite tests="57" failures="0" name="br.com.contmatic.model.empresa.EmpresaTest" time="3.398" errors="0" skipped="0">
  <properties>
[...]
</properties>
  <testcase classname="br.com.contmatic.model.empresa.EmpresaTest" name="nao_deve_aceitar_responsaveis_vazio" time="0.16"/>
  <testcase classname="br.com.contmatic.model.empresa.EmpresaTest" name="deve_aceitar_contas_nao_vazio_sem_elemento_nulo_apenas_elemento_valido" time="0.195"/>
  <testcase classname="br.com.contmatic.model.empresa.EmpresaTest" name="nao_deve_aceitar_contratosTrabalho_com_pelo_menos_um_elemento_nulo" time="0.089"/>
  <testcase classname="br.com.contmatic.model.empresa.EmpresaTest" name="deve_aceitar_contratosTrabalho_valido" time="0.135"/>
  <testcase classname="br.com.contmatic.model.empresa.EmpresaTest" name="deve_aceitar_telefonesFixo_valido" time="0.096"/>
  <testcase classname="br.com.contmatic.model.empresa.EmpresaTest" name="nao_deve_aceitar_valor_vazio_no_razaoSocial" time="0.047"/>
  <testcase classname="br.com.contmatic.model.empresa.EmpresaTest" name="nao_deve_aceitar_contratosTrabalho_com_elemento_invalido" time="0.042"/>
  <testcase classname="br.com.contmatic.model.empresa.EmpresaTest" name="deve_aceitar_responsaveis_valido" time="0.092"/>
  <testcase classname="br.com.contmatic.model.empresa.EmpresaTest" name="deve_aceitar_tipoPorteEmpresa_nao_nulo" time="0.058"/>
  <testcase classname="br.com.contmatic.model.empresa.EmpresaTest" name="verifica_consistencia_da_implementacao_do_metodo_equals_de_acordo_com_a_regra_estabelecida_de_comparacao" time="0.407"/>
  <testcase classname="br.com.contmatic.model.empresa.EmpresaTest" name="deve_aceitar_tipoEmpresa_nao_nulo" time="0.064"/>
  <testcase classname="br.com.contmatic.model.empresa.EmpresaTest" name="nao_deve_aceitar_responsaveis_nulo" time="0.042"/>
  <testcase classname="br.com.contmatic.model.empresa.EmpresaTest" name="nao_deve_aceitar_contas_com_elemento_invalido" time="0.045"/>
  <testcase classname="br.com.contmatic.model.empresa.EmpresaTest" name="nao_deve_aceitar_emails_com_pelo_menos_um_elemento_nulo" time="0.035"/>
  <testcase classname="br.com.contmatic.model.empresa.EmpresaTest" name="nao_deve_aceitar_responsaveis_com_elemento_invalido" time="0.051"/>
  <testcase classname="br.com.contmatic.model.empresa.EmpresaTest" name="nao_deve_aceitar_celulares_com_pelo_menos_um_elemento_nulo" time="0.063"/>
  <testcase classname="br.com.contmatic.model.empresa.EmpresaTest" name="nao_deve_aceitar_valor_com_espaco_no_inicio_no_razaoSocial" time="0.055"/>
  <testcase classname="br.com.contmatic.model.empresa.EmpresaTest" name="nao_deve_aceitar_contas_com_pelo_menos_um_elemento_nulo" time="0.05"/>
  <testcase classname="br.com.contmatic.model.empresa.EmpresaTest" name="nao_deve_aceitar_dataAbertura_nulo" time="0.061"/>
  <testcase classname="br.com.contmatic.model.empresa.EmpresaTest" name="nao_deve_aceitar_cnpj_com_segundo_digito_verificador_invalido" time="0.035"/>
  <testcase classname="br.com.contmatic.model.empresa.EmpresaTest" name="deve_aceitar_emails_valido" time="0.092"/>
  <testcase classname="br.com.contmatic.model.empresa.EmpresaTest" name="nao_deve_aceitar_enderecos_vazio" time="0.058"/>
  <testcase classname="br.com.contmatic.model.empresa.EmpresaTest" name="nao_deve_aceitar_valor_maior_que_tamanho_no_razaoSocial" time="0.07"/>
  <testcase classname="br.com.contmatic.model.empresa.EmpresaTest" name="deve_aceitar_dataNascimento_valida" time="0.053"/>
  <testcase classname="br.com.contmatic.model.empresa.EmpresaTest" name="nao_deve_aceitar_responsaveis_com_pelo_menos_um_elemento_nulo" time="0.051"/>
  <testcase classname="br.com.contmatic.model.empresa.EmpresaTest" name="nao_deve_aceitar_valor_com_dois_espacos_juntos_no_razaoSocial" time="0.062"/>
  <testcase classname="br.com.contmatic.model.empresa.EmpresaTest" name="nao_deve_aceitar_contratosTrabalho_nulo" time="0.048"/>
  <testcase classname="br.com.contmatic.model.empresa.EmpresaTest" name="nao_deve_aceitar_emails_nulo" time="0.048"/>
  <testcase classname="br.com.contmatic.model.empresa.EmpresaTest" name="nao_deve_aceitar_valor_maior_que_tamanho_no_cnpj" time="0.035"/>
  <testcase classname="br.com.contmatic.model.empresa.EmpresaTest" name="nao_deve_aceitar_enderecos_nulo" time="0.032"/>
  <testcase classname="br.com.contmatic.model.empresa.EmpresaTest" name="metodo_toString_deve_gerar_representacao_do_objeto_em_json_com_todos_os_atributos_da_classe" time="0.013"/>
  <testcase classname="br.com.contmatic.model.empresa.EmpresaTest" name="deve_aceitar_enderecos_valido" time="0.065"/>
  <testcase classname="br.com.contmatic.model.empresa.EmpresaTest" name="deve_aceitar_razaoSocial_valido" time="0.05"/>
  <testcase classname="br.com.contmatic.model.empresa.EmpresaTest" name="nao_deve_aceitar_cnpj_com_primeiro_digito_verificador_invalido" time="0.045"/>
  <testcase classname="br.com.contmatic.model.empresa.EmpresaTest" name="nao_deve_aceitar_dataAbertura_futura" time="0.036"/>
  <testcase classname="br.com.contmatic.model.empresa.EmpresaTest" name="deve_aceitar_celulares_valido" time="0.07"/>
  <testcase classname="br.com.contmatic.model.empresa.EmpresaTest" name="nao_deve_aceitar_valor_com_apenas_numeros_repetidos_no_cnpj" time="0.031"/>
  <testcase classname="br.com.contmatic.model.empresa.EmpresaTest" name="deve_aceitar_cnpj_valido" time="0.031"/>
  <testcase classname="br.com.contmatic.model.empresa.EmpresaTest" name="nao_deve_aceitar_celulares_com_elemento_invalido" time="0.034"/>
  <testcase classname="br.com.contmatic.model.empresa.EmpresaTest" name="nao_deve_aceitar_telefonesFixo_com_pelo_menos_um_elemento_nulo" time="0.028"/>
  <testcase classname="br.com.contmatic.model.empresa.EmpresaTest" name="nao_deve_aceitar_valor_com_apenas_espaco_no_fim_no_razaoSocial" time="0.032"/>
  <testcase classname="br.com.contmatic.model.empresa.EmpresaTest" name="nao_deve_aceitar_valor_com_apenas_espaco_no_razaoSocial" time="0.043"/>
  <testcase classname="br.com.contmatic.model.empresa.EmpresaTest" name="nao_deve_aceitar_emails_com_elemento_invalido" time="0.047"/>
  <testcase classname="br.com.contmatic.model.empresa.EmpresaTest" name="nao_deve_aceitar_tipoEmpresa_nulo" time="0.05"/>
  <testcase classname="br.com.contmatic.model.empresa.EmpresaTest" name="nao_deve_aceitar_enderecos_com_pelo_menos_um_elemento_nulo" time="0.046"/>
  <testcase classname="br.com.contmatic.model.empresa.EmpresaTest" name="nao_deve_aceitar_valor_nulo_no_cnpj" time="0.045"/>
  <testcase classname="br.com.contmatic.model.empresa.EmpresaTest" name="nao_deve_aceitar_valor_com_um_caractere_invalido_no_cnpj" time="0.044"/>
  <testcase classname="br.com.contmatic.model.empresa.EmpresaTest" name="nao_deve_aceitar_valor_nulo_no_razaoSocial" time="0.045"/>
  <testcase classname="br.com.contmatic.model.empresa.EmpresaTest" name="nao_deve_aceitar_tipoPorteEmpresa_nulo" time="0.042"/>
  <testcase classname="br.com.contmatic.model.empresa.EmpresaTest" name="deve_possuir_getters_e_setters_implmentados_corretamente" time="0.006"/>
  <testcase classname="br.com.contmatic.model.empresa.EmpresaTest" name="nao_deve_aceitar_valor_com_um_caractere_nao_letra_no_razaoSocial" time="0.043"/>
  <testcase classname="br.com.contmatic.model.empresa.EmpresaTest" name="nao_deve_aceitar_valor_menor_que_tamanho_no_cnpj" time="0.029"/>
  <testcase classname="br.com.contmatic.model.empresa.EmpresaTest" name="nao_deve_aceitar_celulares_nulo" time="0.028"/>
  <testcase classname="br.com.contmatic.model.empresa.EmpresaTest" name="nao_deve_aceitar_telefonesFixo_com_elemento_invalido" time="0.033"/>
  <testcase classname="br.com.contmatic.model.empresa.EmpresaTest" name="nao_deve_aceitar_contas_nulo" time="0.028"/>
  <testcase classname="br.com.contmatic.model.empresa.EmpresaTest" name="nao_deve_aceitar_enderecos_com_elemento_invalido" time="0.029"/>
  <testcase classname="br.com.contmatic.model.empresa.EmpresaTest" name="nao_deve_aceitar_telefonesFixo_nulo" time="0.034"/>
</testsuite>