<?xml version="1.0" encoding="UTF-8" ?>
<testsuite tests="21" failures="0" name="br.com.contmatic.repository.empresa.EmpresaRepositoryTest" time="165.346" errors="0" skipped="0">
  <properties>
[...]
</properties>
  <testcase classname="br.com.contmatic.repository.empresa.EmpresaRepositoryTest" name="com_parametros_inteiros_p_e_n_deve_ler_n_empresas_apos_pular_as_p_primeiras" time="18.688"/>
  <testcase classname="br.com.contmatic.repository.empresa.EmpresaRepositoryTest" name="deve_ler_uma_empresa_integralmente_pelo_seu_cnpj" time="7.4"/>
  <testcase classname="br.com.contmatic.repository.empresa.EmpresaRepositoryTest" name="ao_substituir_pelo_cnpj_uma_empresa_na_collection_nao_deve_alterar_a_collection_caso_as_empresas_tenham_todos_os_campos_iguais" time="6.499"/>
  <testcase classname="br.com.contmatic.repository.empresa.EmpresaRepositoryTest" name="deve_trazer_conjunto_vazio_caso_nao_haja_empresa_com_o_tipoEmpresa_procurado" time="6.625"/>
  <testcase classname="br.com.contmatic.repository.empresa.EmpresaRepositoryTest" name="deve_retornar_false_caso_nao_haja_empresa_armazenada_com_o_cnpj_especificado" time="7.565"/>
  <testcase classname="br.com.contmatic.repository.empresa.EmpresaRepositoryTest" name="deve_considerar_o_campo_cnpj_como_chave_primaria" time="6.176"/>
  <testcase classname="br.com.contmatic.repository.empresa.EmpresaRepositoryTest" name="ao_substituir_pelo_cnpj_uma_empresa_na_collection_deve_desaparecer_o_registro_da_empresa_desatualizada_caso_sejam_diferentes" time="7.454"/>
  <testcase classname="br.com.contmatic.repository.empresa.EmpresaRepositoryTest" name="deve_deletar_a_empresa_especificada_pelo_cnpj" time="8.509"/>
  <testcase classname="br.com.contmatic.repository.empresa.EmpresaRepositoryTest" name="deve_retornar_true_caso_haja_empresa_armazenada_com_o_cnpj_especificado" time="6.537"/>
  <testcase classname="br.com.contmatic.repository.empresa.EmpresaRepositoryTest" name="quando_substituir_procurando_pelo_cnpj_nao_deve_alterar_a_collection_caso_nao_haja_o_cnpj_especificado_na_mesma" time="6.608"/>
  <testcase classname="br.com.contmatic.repository.empresa.EmpresaRepositoryTest" name="deve_ler_os_campos_cnpj_e_razaoSocial_e_dataAbertura_na_ordem_alfabetica_da_razaoSocial_das_empresas_filtradas_pelo_campo_tipoPorteEmpresa" time="9.466"/>
  <testcase classname="br.com.contmatic.repository.empresa.EmpresaRepositoryTest" name="deve_salvar_uma_empresa_mantendo_a_integridade_dos_dados" time="6.481"/>
  <testcase classname="br.com.contmatic.repository.empresa.EmpresaRepositoryTest" name="deve_trazer_conjunto_vazio_caso_nao_haja_empresa_independente_dos_valores_dos_inteiros_colocados_nos_parametros" time="6.07"/>
  <testcase classname="br.com.contmatic.repository.empresa.EmpresaRepositoryTest" name="deve_trazer_o_numero_de_empresas_armazenadas_na_collection" time="6.285"/>
  <testcase classname="br.com.contmatic.repository.empresa.EmpresaRepositoryTest" name="deve_ler_os_campos_cnpj_e_razaoSocial_e_dataAbertura_na_ordem_alfabetica_da_razaoSocial_das_empresas_filtradas_pelo_campo_tipoEmpresa" time="9.307"/>
  <testcase classname="br.com.contmatic.repository.empresa.EmpresaRepositoryTest" name="ao_substituir_pelo_cnpj_uma_empresa_na_collection_deve_armazenar_o_registro_da_empresa_atualizada" time="9.499"/>
  <testcase classname="br.com.contmatic.repository.empresa.EmpresaRepositoryTest" name="deve_trazer_valor_nulo_caso_nao_haja_empresa_com_cnpj_procurado" time="7.095"/>
  <testcase classname="br.com.contmatic.repository.empresa.EmpresaRepositoryTest" name="deve_trazer_zero_caso_nao_haja_empresa_armazenadas_na_collection" time="6.822"/>
  <testcase classname="br.com.contmatic.repository.empresa.EmpresaRepositoryTest" name="deve_trazer_conjunto_vazio_caso_nao_haja_empresa_com_o_tipoPorteEmpresa_procurado" time="7.217"/>
  <testcase classname="br.com.contmatic.repository.empresa.EmpresaRepositoryTest" name="com_parametros_inteiros_0_e_numero_de_empresas_na_collection_deve_ler_todas_as_empresas_armazenadas" time="7.847"/>
  <testcase classname="br.com.contmatic.repository.empresa.EmpresaRepositoryTest" name="quando_deletar_nao_deve_alterar_a_collection_caso_nao_haja_o_cnpj_especificado_na_mesma" time="7.196"/>
</testsuite>